Arguments: 
  /home/ankanb49/.nvm/versions/node/v14.6.0/bin/node /usr/share/yarn/bin/yarn.js install

PATH: 
  /home/ankanb49/.nvm/versions/node/v14.6.0/bin:/usr/local/sbin:/usr/local/bin:/usr/sbin:/usr/bin:/sbin:/bin:/usr/games:/usr/local/games:/snap/bin:/home/ankanb49/.dotnet/tools:/home/ankanb49/Android/Sdk/emulator:/home/ankanb49/Android/Sdk/tools:/home/ankanb49/Android/Sdk/tools/bin:/home/ankanb49/Android/Sdk/platform-tools:/home/ankanb49/snap/flutter/common/flutter/bin

Yarn version: 
  1.22.4

Node version: 
  14.6.0

Platform: 
  linux x64

Trace: 
  Error: https://registry.yarnpkg.com/react-native/-/react-native-0.62.2.tgz: unexpected end of file
      at Zlib.zlibOnError [as onerror] (zlib.js:180:17)

npm manifest: 
  {
    "main": "index.js",
    "scripts": {
      "android": "react-native run-android",
      "ios": "react-native run-ios",
      "web": "expo start --web",
      "start": "react-native start",
      "test": "jest"
    },
    "dependencies": {
      "expo": "~38.0.1",
      "expo-splash-screen": "~0.4.0",
      "expo-status-bar": "^1.0.0",
      "expo-updates": "~0.2.10",
      "react": "~16.11.0",
      "react-dom": "~16.11.0",
      "react-native": "~0.62.2",
      "react-native-gesture-handler": "~1.6.1",
      "react-native-reanimated": "~1.9.0",
      "react-native-screens": "~2.9.0",
      "react-native-unimodules": "~0.10.1",
      "react-native-web": "~0.11.7"
    },
    "devDependencies": {
      "@babel/core": "~7.9.0",
      "babel-jest": "~25.2.6",
      "jest": "~25.2.6",
      "react-test-renderer": "~16.11.0"
    },
    "jest": {
      "preset": "react-native"
    },
    "private": true
  }

yarn manifest: 
  No manifest

Lockfile: 
  No lockfile
